[INFO ] 2024-10-04 15:26:29.392 [main] TestLogger - INfo
[DEBUG] 2024-10-04 15:26:29.395 [main] TestLogger - Debug
[ERROR] 2024-10-04 15:26:29.395 [main] TestLogger - Error
[DEBUG] 2024-10-04 16:12:22.018 [main] InternalLoggerFactory - Using SLF4J as the default logging framework
[DEBUG] 2024-10-04 16:12:22.028 [main] ResourceLeakDetector - -Dio.netty.leakDetection.level: simple
[DEBUG] 2024-10-04 16:12:22.028 [main] ResourceLeakDetector - -Dio.netty.leakDetection.targetRecords: 4
[DEBUG] 2024-10-04 16:12:22.033 [main] ResourceLeakDetectorFactory - Loaded default ResourceLeakDetector: io.netty.util.ResourceLeakDetector@5a62b2a4
[DEBUG] 2024-10-04 16:12:22.056 [main] PlatformDependent0 - -Dio.netty.noUnsafe: false
[DEBUG] 2024-10-04 16:12:22.056 [main] PlatformDependent0 - Java version: 17
[DEBUG] 2024-10-04 16:12:22.058 [main] PlatformDependent0 - sun.misc.Unsafe.theUnsafe: available
[DEBUG] 2024-10-04 16:12:22.058 [main] PlatformDependent0 - sun.misc.Unsafe.copyMemory: available
[DEBUG] 2024-10-04 16:12:22.059 [main] PlatformDependent0 - sun.misc.Unsafe.storeFence: available
[DEBUG] 2024-10-04 16:12:22.059 [main] PlatformDependent0 - java.nio.Buffer.address: available
[DEBUG] 2024-10-04 16:12:22.059 [main] PlatformDependent0 - direct buffer constructor: unavailable: Reflective setAccessible(true) disabled
[DEBUG] 2024-10-04 16:12:22.060 [main] PlatformDependent0 - java.nio.Bits.unaligned: available, true
[DEBUG] 2024-10-04 16:12:22.061 [main] PlatformDependent0 - jdk.internal.misc.Unsafe.allocateUninitializedArray(int): unavailable: class io.netty.util.internal.PlatformDependent0$7 cannot access class jdk.internal.misc.Unsafe (in module java.base) because module java.base does not export jdk.internal.misc to unnamed module @23202fce
[DEBUG] 2024-10-04 16:12:22.063 [main] PlatformDependent0 - java.nio.DirectByteBuffer.<init>(long, int): unavailable
[DEBUG] 2024-10-04 16:12:22.063 [main] PlatformDependent - sun.misc.Unsafe: available
[DEBUG] 2024-10-04 16:12:22.063 [main] PlatformDependent - maxDirectMemory: 4217372672 bytes (maybe)
[DEBUG] 2024-10-04 16:12:22.064 [main] PlatformDependent - -Dio.netty.tmpdir: C:\Users\broy\AppData\Local\Temp (java.io.tmpdir)
[DEBUG] 2024-10-04 16:12:22.064 [main] PlatformDependent - -Dio.netty.bitMode: 64 (sun.arch.data.model)
[DEBUG] 2024-10-04 16:12:22.064 [main] PlatformDependent - Platform: Windows
[DEBUG] 2024-10-04 16:12:22.065 [main] PlatformDependent - -Dio.netty.maxDirectMemory: -1 bytes
[DEBUG] 2024-10-04 16:12:22.065 [main] PlatformDependent - -Dio.netty.uninitializedArrayAllocationThreshold: -1
[DEBUG] 2024-10-04 16:12:22.066 [main] CleanerJava9 - java.nio.ByteBuffer.cleaner(): available
[DEBUG] 2024-10-04 16:12:22.067 [main] PlatformDependent - -Dio.netty.noPreferDirect: false
[DEBUG] 2024-10-04 16:12:22.072 [main] PlatformDependent - org.jctools-core.MpscChunkedArrayQueue: available
[DEBUG] 2024-10-04 16:12:22.093 [main] InternalThreadLocalMap - -Dio.netty.threadLocalMap.stringBuilder.initialSize: 1024
[DEBUG] 2024-10-04 16:12:22.093 [main] InternalThreadLocalMap - -Dio.netty.threadLocalMap.stringBuilder.maxSize: 4096
[DEBUG] 2024-10-04 16:12:22.245 [main] JdkSslContext - Default protocols (JDK): [TLSv1.3, TLSv1.2] 
[DEBUG] 2024-10-04 16:12:22.245 [main] JdkSslContext - Default cipher suites (JDK): [TLS_ECDHE_ECDSA_WITH_AES_256_GCM_SHA384, TLS_ECDHE_ECDSA_WITH_AES_128_GCM_SHA256, TLS_ECDHE_RSA_WITH_AES_128_GCM_SHA256, TLS_ECDHE_RSA_WITH_AES_256_GCM_SHA384, TLS_ECDHE_RSA_WITH_AES_128_CBC_SHA, TLS_ECDHE_RSA_WITH_AES_256_CBC_SHA, TLS_RSA_WITH_AES_128_GCM_SHA256, TLS_RSA_WITH_AES_128_CBC_SHA, TLS_RSA_WITH_AES_256_CBC_SHA, TLS_AES_128_GCM_SHA256, TLS_AES_256_GCM_SHA384]
[DEBUG] 2024-10-04 16:12:22.261 [main] GlobalEventExecutor - -Dio.netty.globalEventExecutor.quietPeriodSeconds: 1
[DEBUG] 2024-10-04 16:12:22.276 [main] MultithreadEventLoopGroup - -Dio.netty.eventLoopThreads: 16
[DEBUG] 2024-10-04 16:12:22.285 [main] NioEventLoop - -Dio.netty.noKeySetOptimization: false
[DEBUG] 2024-10-04 16:12:22.285 [main] NioEventLoop - -Dio.netty.selectorAutoRebuildThreshold: 512
[DEBUG] 2024-10-04 16:12:22.373 [main] PooledByteBufAllocator - -Dio.netty.allocator.numHeapArenas: 16
[DEBUG] 2024-10-04 16:12:22.373 [main] PooledByteBufAllocator - -Dio.netty.allocator.numDirectArenas: 16
[DEBUG] 2024-10-04 16:12:22.373 [main] PooledByteBufAllocator - -Dio.netty.allocator.pageSize: 8192
[DEBUG] 2024-10-04 16:12:22.373 [main] PooledByteBufAllocator - -Dio.netty.allocator.maxOrder: 9
[DEBUG] 2024-10-04 16:12:22.373 [main] PooledByteBufAllocator - -Dio.netty.allocator.chunkSize: 4194304
[DEBUG] 2024-10-04 16:12:22.374 [main] PooledByteBufAllocator - -Dio.netty.allocator.smallCacheSize: 256
[DEBUG] 2024-10-04 16:12:22.374 [main] PooledByteBufAllocator - -Dio.netty.allocator.normalCacheSize: 64
[DEBUG] 2024-10-04 16:12:22.374 [main] PooledByteBufAllocator - -Dio.netty.allocator.maxCachedBufferCapacity: 32768
[DEBUG] 2024-10-04 16:12:22.374 [main] PooledByteBufAllocator - -Dio.netty.allocator.cacheTrimInterval: 8192
[DEBUG] 2024-10-04 16:12:22.374 [main] PooledByteBufAllocator - -Dio.netty.allocator.cacheTrimIntervalMillis: 0
[DEBUG] 2024-10-04 16:12:22.374 [main] PooledByteBufAllocator - -Dio.netty.allocator.useCacheForAllThreads: false
[DEBUG] 2024-10-04 16:12:22.374 [main] PooledByteBufAllocator - -Dio.netty.allocator.maxCachedByteBuffersPerChunk: 1023
[DEBUG] 2024-10-04 16:12:22.386 [main] ByteBufUtil - -Dio.netty.allocator.type: pooled
[DEBUG] 2024-10-04 16:12:22.386 [main] ByteBufUtil - -Dio.netty.threadLocalDirectBufferSize: 0
[DEBUG] 2024-10-04 16:12:22.386 [main] ByteBufUtil - -Dio.netty.maxThreadLocalCharBufferSize: 16384
[DEBUG] 2024-10-04 16:12:22.749 [Forwarding newSession on session null to remote] DefaultChannelId - -Dio.netty.processId: 35588 (auto-detected)
[DEBUG] 2024-10-04 16:12:22.751 [Forwarding newSession on session null to remote] NetUtil - -Djava.net.preferIPv4Stack: false
[DEBUG] 2024-10-04 16:12:22.751 [Forwarding newSession on session null to remote] NetUtil - -Djava.net.preferIPv6Addresses: false
[DEBUG] 2024-10-04 16:12:22.768 [Forwarding newSession on session null to remote] NetUtilInitializations - Loopback interface: lo (Software Loopback Interface 1, 127.0.0.1)
[DEBUG] 2024-10-04 16:12:22.770 [Forwarding newSession on session null to remote] NetUtil - Failed to get SOMAXCONN from sysctl and file \proc\sys\net\core\somaxconn. Default: 200
[DEBUG] 2024-10-04 16:12:22.816 [Forwarding newSession on session null to remote] DefaultChannelId - -Dio.netty.machineId: 50:84:92:ff:fe:3f:8e:69 (auto-detected)
[DEBUG] 2024-10-04 16:12:22.866 [AsyncHttpClient-1-2] AbstractByteBuf - -Dio.netty.buffer.checkAccessible: true
[DEBUG] 2024-10-04 16:12:22.866 [AsyncHttpClient-1-2] AbstractByteBuf - -Dio.netty.buffer.checkBounds: true
[DEBUG] 2024-10-04 16:12:22.867 [AsyncHttpClient-1-2] ResourceLeakDetectorFactory - Loaded default ResourceLeakDetector: io.netty.util.ResourceLeakDetector@ccf724e
[DEBUG] 2024-10-04 16:12:22.889 [AsyncHttpClient-1-2] NettyConnectListener - Using new Channel '[id: 0xa3c86793, L:/127.0.0.1:50637 - R:localhost/127.0.0.1:35271]' for 'POST' to '/session'
[DEBUG] 2024-10-04 16:12:22.905 [AsyncHttpClient-1-2] Recycler - -Dio.netty.recycler.maxCapacityPerThread: 4096
[DEBUG] 2024-10-04 16:12:22.905 [AsyncHttpClient-1-2] Recycler - -Dio.netty.recycler.ratio: 8
[DEBUG] 2024-10-04 16:12:22.905 [AsyncHttpClient-1-2] Recycler - -Dio.netty.recycler.chunkSize: 32
[DEBUG] 2024-10-04 16:12:22.905 [AsyncHttpClient-1-2] Recycler - -Dio.netty.recycler.blocking: false
[DEBUG] 2024-10-04 16:12:22.906 [AsyncHttpClient-1-2] Recycler - -Dio.netty.recycler.batchFastThreadLocalOnly: true
[DEBUG] 2024-10-04 16:12:23.942 [AsyncHttpClient-1-2] Brotli - brotli4j not in the classpath; Brotli support will be unavailable.
[DEBUG] 2024-10-04 16:12:23.943 [AsyncHttpClient-1-2] HttpHandler - 

Request DefaultHttpRequest(decodeResult: success, version: HTTP/1.1)
POST /session HTTP/1.1
User-Agent: selenium/4.11.0 (java windows)
Content-Length: 336
Content-Type: application/json; charset=utf-8
host: localhost:35271
accept: */*

Response DefaultHttpResponse(decodeResult: success, version: HTTP/1.1)
HTTP/1.1 200 OK
Content-Length: 879
Content-Type: application/json; charset=utf-8
cache-control: no-cache

[DEBUG] 2024-10-04 16:12:23.950 [AsyncHttpClient-1-2] ChannelManager - Adding key: http://localhost:35271 for channel [id: 0xa3c86793, L:/127.0.0.1:50637 - R:localhost/127.0.0.1:35271]
[DEBUG] 2024-10-04 16:12:24.020 [AsyncHttpClient-1-3] NettyConnectListener - Using new Channel '[id: 0x537ca208, L:/127.0.0.1:50644 - R:localhost/127.0.0.1:50638]' for 'GET' to '/json/version'
[DEBUG] 2024-10-04 16:12:24.025 [AsyncHttpClient-1-3] HttpHandler - 

Request DefaultFullHttpRequest(decodeResult: success, version: HTTP/1.1, content: EmptyByteBufBE)
GET /json/version HTTP/1.1
User-Agent: selenium/4.11.0 (java windows)
host: localhost:50638
accept: */*

Response DefaultHttpResponse(decodeResult: success, version: HTTP/1.1)
HTTP/1.1 200 OK
Content-Security-Policy: frame-ancestors 'none'
Content-Length: 423
Content-Type: application/json; charset=UTF-8

[DEBUG] 2024-10-04 16:12:24.026 [AsyncHttpClient-1-3] ChannelManager - Adding key: http://localhost:50638 for channel [id: 0x537ca208, L:/127.0.0.1:50644 - R:localhost/127.0.0.1:50638]
[DEBUG] 2024-10-04 16:12:24.033 [main] ThreadLocalRandom - -Dio.netty.initialSeedUniquifier: 0x0e55d3fd22fa5e25
[DEBUG] 2024-10-04 16:12:24.035 [AsyncHttpClient-1-4] NettyConnectListener - Using new Channel '[id: 0x061c646c, L:/127.0.0.1:50645 - R:localhost/127.0.0.1:50638]' for 'GET' to '/devtools/browser/7db790f4-e4d3-4b93-8454-8a01cd20f44f'
[DEBUG] 2024-10-04 16:12:24.041 [AsyncHttpClient-1-4] WebSocketHandler - 

Request DefaultFullHttpRequest(decodeResult: success, version: HTTP/1.1, content: EmptyByteBufBE)
GET /devtools/browser/7db790f4-e4d3-4b93-8454-8a01cd20f44f HTTP/1.1
upgrade: websocket
connection: upgrade
sec-websocket-key: JGpI6yazOtrg+S4ZKzxqpA==
sec-websocket-version: 13
origin: http://localhost:50638
host: localhost:50638
accept: */*
user-agent: AHC/2.1

Response DefaultHttpResponse(decodeResult: success, version: HTTP/1.1)
HTTP/1.1 101 WebSocket Protocol Handshake
Upgrade: WebSocket
Connection: Upgrade
Sec-WebSocket-Accept: PnmSny9tC++QaNHa32ifEfOGbNg=

[DEBUG] 2024-10-04 16:12:24.085 [Forwarding get on session b8159dbc806c986b690aa9cc2dfff68c to remote] NettyRequestSender - Using pooled Channel '[id: 0xa3c86793, L:/127.0.0.1:50637 - R:localhost/127.0.0.1:35271]' for 'POST' to 'http://localhost:35271/session/b8159dbc806c986b690aa9cc2dfff68c/url'
[DEBUG] 2024-10-04 16:12:24.085 [Forwarding get on session b8159dbc806c986b690aa9cc2dfff68c to remote] NettyRequestSender - Using open Channel [id: 0xa3c86793, L:/127.0.0.1:50637 - R:localhost/127.0.0.1:35271] for POST '/session/b8159dbc806c986b690aa9cc2dfff68c/url'
[DEBUG] 2024-10-04 16:12:24.385 [AsyncHttpClient-1-1] DefaultChannelPool - Entry count for : http://localhost:50638 : 1
[DEBUG] 2024-10-04 16:12:25.478 [AsyncHttpClient-1-1] DefaultChannelPool - Entry count for : http://localhost:50638 : 1
[DEBUG] 2024-10-04 16:12:26.582 [AsyncHttpClient-1-1] DefaultChannelPool - Entry count for : http://localhost:50638 : 1
[DEBUG] 2024-10-04 16:12:27.677 [AsyncHttpClient-1-1] DefaultChannelPool - Entry count for : http://localhost:50638 : 1
[DEBUG] 2024-10-04 16:12:28.777 [AsyncHttpClient-1-1] DefaultChannelPool - Entry count for : http://localhost:50638 : 1
[DEBUG] 2024-10-04 16:12:29.147 [AsyncHttpClient-1-2] HttpHandler - 

Request DefaultHttpRequest(decodeResult: success, version: HTTP/1.1)
POST /session/b8159dbc806c986b690aa9cc2dfff68c/url HTTP/1.1
User-Agent: selenium/4.11.0 (java windows)
Content-Length: 47
Content-Type: application/json; charset=utf-8
host: localhost:35271
accept: */*

Response DefaultHttpResponse(decodeResult: success, version: HTTP/1.1)
HTTP/1.1 200 OK
Content-Length: 14
Content-Type: application/json; charset=utf-8
cache-control: no-cache

[DEBUG] 2024-10-04 16:12:29.148 [AsyncHttpClient-1-2] ChannelManager - Adding key: http://localhost:35271 for channel [id: 0xa3c86793, L:/127.0.0.1:50637 - R:localhost/127.0.0.1:35271]
[DEBUG] 2024-10-04 16:12:29.155 [Forwarding findElement on session b8159dbc806c986b690aa9cc2dfff68c to remote] NettyRequestSender - Using pooled Channel '[id: 0xa3c86793, L:/127.0.0.1:50637 - R:localhost/127.0.0.1:35271]' for 'POST' to 'http://localhost:35271/session/b8159dbc806c986b690aa9cc2dfff68c/element'
[DEBUG] 2024-10-04 16:12:29.155 [Forwarding findElement on session b8159dbc806c986b690aa9cc2dfff68c to remote] NettyRequestSender - Using open Channel [id: 0xa3c86793, L:/127.0.0.1:50637 - R:localhost/127.0.0.1:35271] for POST '/session/b8159dbc806c986b690aa9cc2dfff68c/element'
[DEBUG] 2024-10-04 16:12:29.176 [AsyncHttpClient-1-2] HttpHandler - 

Request DefaultHttpRequest(decodeResult: success, version: HTTP/1.1)
POST /session/b8159dbc806c986b690aa9cc2dfff68c/element HTTP/1.1
User-Agent: selenium/4.11.0 (java windows)
Content-Length: 58
Content-Type: application/json; charset=utf-8
host: localhost:35271
accept: */*

Response DefaultHttpResponse(decodeResult: success, version: HTTP/1.1)
HTTP/1.1 400 Bad Request
Content-Length: 1344
Content-Type: application/json; charset=utf-8
cache-control: no-cache

[DEBUG] 2024-10-04 16:12:29.177 [AsyncHttpClient-1-2] ChannelManager - Adding key: http://localhost:35271 for channel [id: 0xa3c86793, L:/127.0.0.1:50637 - R:localhost/127.0.0.1:35271]
[DEBUG] 2024-10-04 16:13:10.382 [main] InternalLoggerFactory - Using SLF4J as the default logging framework
[DEBUG] 2024-10-04 16:13:10.388 [main] ResourceLeakDetector - -Dio.netty.leakDetection.level: simple
[DEBUG] 2024-10-04 16:13:10.388 [main] ResourceLeakDetector - -Dio.netty.leakDetection.targetRecords: 4
[DEBUG] 2024-10-04 16:13:10.391 [main] ResourceLeakDetectorFactory - Loaded default ResourceLeakDetector: io.netty.util.ResourceLeakDetector@5ca17ab0
[DEBUG] 2024-10-04 16:13:10.407 [main] PlatformDependent0 - -Dio.netty.noUnsafe: false
[DEBUG] 2024-10-04 16:13:10.407 [main] PlatformDependent0 - Java version: 17
[DEBUG] 2024-10-04 16:13:10.408 [main] PlatformDependent0 - sun.misc.Unsafe.theUnsafe: available
[DEBUG] 2024-10-04 16:13:10.409 [main] PlatformDependent0 - sun.misc.Unsafe.copyMemory: available
[DEBUG] 2024-10-04 16:13:10.409 [main] PlatformDependent0 - sun.misc.Unsafe.storeFence: available
[DEBUG] 2024-10-04 16:13:10.409 [main] PlatformDependent0 - java.nio.Buffer.address: available
[DEBUG] 2024-10-04 16:13:10.410 [main] PlatformDependent0 - direct buffer constructor: unavailable: Reflective setAccessible(true) disabled
[DEBUG] 2024-10-04 16:13:10.410 [main] PlatformDependent0 - java.nio.Bits.unaligned: available, true
[DEBUG] 2024-10-04 16:13:10.411 [main] PlatformDependent0 - jdk.internal.misc.Unsafe.allocateUninitializedArray(int): unavailable: class io.netty.util.internal.PlatformDependent0$7 cannot access class jdk.internal.misc.Unsafe (in module java.base) because module java.base does not export jdk.internal.misc to unnamed module @23202fce
[DEBUG] 2024-10-04 16:13:10.412 [main] PlatformDependent0 - java.nio.DirectByteBuffer.<init>(long, int): unavailable
[DEBUG] 2024-10-04 16:13:10.412 [main] PlatformDependent - sun.misc.Unsafe: available
[DEBUG] 2024-10-04 16:13:10.412 [main] PlatformDependent - maxDirectMemory: 4217372672 bytes (maybe)
[DEBUG] 2024-10-04 16:13:10.413 [main] PlatformDependent - -Dio.netty.tmpdir: C:\Users\broy\AppData\Local\Temp (java.io.tmpdir)
[DEBUG] 2024-10-04 16:13:10.413 [main] PlatformDependent - -Dio.netty.bitMode: 64 (sun.arch.data.model)
[DEBUG] 2024-10-04 16:13:10.414 [main] PlatformDependent - Platform: Windows
[DEBUG] 2024-10-04 16:13:10.414 [main] PlatformDependent - -Dio.netty.maxDirectMemory: -1 bytes
[DEBUG] 2024-10-04 16:13:10.414 [main] PlatformDependent - -Dio.netty.uninitializedArrayAllocationThreshold: -1
[DEBUG] 2024-10-04 16:13:10.415 [main] CleanerJava9 - java.nio.ByteBuffer.cleaner(): available
[DEBUG] 2024-10-04 16:13:10.415 [main] PlatformDependent - -Dio.netty.noPreferDirect: false
[DEBUG] 2024-10-04 16:13:10.419 [main] PlatformDependent - org.jctools-core.MpscChunkedArrayQueue: available
[DEBUG] 2024-10-04 16:13:10.434 [main] InternalThreadLocalMap - -Dio.netty.threadLocalMap.stringBuilder.initialSize: 1024
[DEBUG] 2024-10-04 16:13:10.434 [main] InternalThreadLocalMap - -Dio.netty.threadLocalMap.stringBuilder.maxSize: 4096
[DEBUG] 2024-10-04 16:13:10.569 [main] JdkSslContext - Default protocols (JDK): [TLSv1.3, TLSv1.2] 
[DEBUG] 2024-10-04 16:13:10.570 [main] JdkSslContext - Default cipher suites (JDK): [TLS_ECDHE_ECDSA_WITH_AES_256_GCM_SHA384, TLS_ECDHE_ECDSA_WITH_AES_128_GCM_SHA256, TLS_ECDHE_RSA_WITH_AES_128_GCM_SHA256, TLS_ECDHE_RSA_WITH_AES_256_GCM_SHA384, TLS_ECDHE_RSA_WITH_AES_128_CBC_SHA, TLS_ECDHE_RSA_WITH_AES_256_CBC_SHA, TLS_RSA_WITH_AES_128_GCM_SHA256, TLS_RSA_WITH_AES_128_CBC_SHA, TLS_RSA_WITH_AES_256_CBC_SHA, TLS_AES_128_GCM_SHA256, TLS_AES_256_GCM_SHA384]
[DEBUG] 2024-10-04 16:13:10.581 [main] GlobalEventExecutor - -Dio.netty.globalEventExecutor.quietPeriodSeconds: 1
[DEBUG] 2024-10-04 16:13:10.590 [main] MultithreadEventLoopGroup - -Dio.netty.eventLoopThreads: 16
[DEBUG] 2024-10-04 16:13:10.597 [main] NioEventLoop - -Dio.netty.noKeySetOptimization: false
[DEBUG] 2024-10-04 16:13:10.597 [main] NioEventLoop - -Dio.netty.selectorAutoRebuildThreshold: 512
[DEBUG] 2024-10-04 16:13:10.663 [main] PooledByteBufAllocator - -Dio.netty.allocator.numHeapArenas: 16
[DEBUG] 2024-10-04 16:13:10.664 [main] PooledByteBufAllocator - -Dio.netty.allocator.numDirectArenas: 16
[DEBUG] 2024-10-04 16:13:10.664 [main] PooledByteBufAllocator - -Dio.netty.allocator.pageSize: 8192
[DEBUG] 2024-10-04 16:13:10.664 [main] PooledByteBufAllocator - -Dio.netty.allocator.maxOrder: 9
[DEBUG] 2024-10-04 16:13:10.664 [main] PooledByteBufAllocator - -Dio.netty.allocator.chunkSize: 4194304
[DEBUG] 2024-10-04 16:13:10.664 [main] PooledByteBufAllocator - -Dio.netty.allocator.smallCacheSize: 256
[DEBUG] 2024-10-04 16:13:10.664 [main] PooledByteBufAllocator - -Dio.netty.allocator.normalCacheSize: 64
[DEBUG] 2024-10-04 16:13:10.664 [main] PooledByteBufAllocator - -Dio.netty.allocator.maxCachedBufferCapacity: 32768
[DEBUG] 2024-10-04 16:13:10.664 [main] PooledByteBufAllocator - -Dio.netty.allocator.cacheTrimInterval: 8192
[DEBUG] 2024-10-04 16:13:10.664 [main] PooledByteBufAllocator - -Dio.netty.allocator.cacheTrimIntervalMillis: 0
[DEBUG] 2024-10-04 16:13:10.664 [main] PooledByteBufAllocator - -Dio.netty.allocator.useCacheForAllThreads: false
[DEBUG] 2024-10-04 16:13:10.664 [main] PooledByteBufAllocator - -Dio.netty.allocator.maxCachedByteBuffersPerChunk: 1023
[DEBUG] 2024-10-04 16:13:10.671 [main] ByteBufUtil - -Dio.netty.allocator.type: pooled
[DEBUG] 2024-10-04 16:13:10.671 [main] ByteBufUtil - -Dio.netty.threadLocalDirectBufferSize: 0
[DEBUG] 2024-10-04 16:13:10.671 [main] ByteBufUtil - -Dio.netty.maxThreadLocalCharBufferSize: 16384
[DEBUG] 2024-10-04 16:13:10.911 [Forwarding newSession on session null to remote] DefaultChannelId - -Dio.netty.processId: 17308 (auto-detected)
[DEBUG] 2024-10-04 16:13:10.913 [Forwarding newSession on session null to remote] NetUtil - -Djava.net.preferIPv4Stack: false
[DEBUG] 2024-10-04 16:13:10.913 [Forwarding newSession on session null to remote] NetUtil - -Djava.net.preferIPv6Addresses: false
[DEBUG] 2024-10-04 16:13:10.928 [Forwarding newSession on session null to remote] NetUtilInitializations - Loopback interface: lo (Software Loopback Interface 1, 127.0.0.1)
[DEBUG] 2024-10-04 16:13:10.929 [Forwarding newSession on session null to remote] NetUtil - Failed to get SOMAXCONN from sysctl and file \proc\sys\net\core\somaxconn. Default: 200
[DEBUG] 2024-10-04 16:13:10.975 [Forwarding newSession on session null to remote] DefaultChannelId - -Dio.netty.machineId: 50:84:92:ff:fe:3f:8e:69 (auto-detected)
[DEBUG] 2024-10-04 16:13:11.011 [AsyncHttpClient-1-2] AbstractByteBuf - -Dio.netty.buffer.checkAccessible: true
[DEBUG] 2024-10-04 16:13:11.011 [AsyncHttpClient-1-2] AbstractByteBuf - -Dio.netty.buffer.checkBounds: true
[DEBUG] 2024-10-04 16:13:11.011 [AsyncHttpClient-1-2] ResourceLeakDetectorFactory - Loaded default ResourceLeakDetector: io.netty.util.ResourceLeakDetector@12581676
[DEBUG] 2024-10-04 16:13:11.030 [AsyncHttpClient-1-2] NettyConnectListener - Using new Channel '[id: 0xdcf3f017, L:/127.0.0.1:50672 - R:localhost/127.0.0.1:45660]' for 'POST' to '/session'
[DEBUG] 2024-10-04 16:13:11.038 [AsyncHttpClient-1-2] Recycler - -Dio.netty.recycler.maxCapacityPerThread: 4096
[DEBUG] 2024-10-04 16:13:11.039 [AsyncHttpClient-1-2] Recycler - -Dio.netty.recycler.ratio: 8
[DEBUG] 2024-10-04 16:13:11.039 [AsyncHttpClient-1-2] Recycler - -Dio.netty.recycler.chunkSize: 32
[DEBUG] 2024-10-04 16:13:11.039 [AsyncHttpClient-1-2] Recycler - -Dio.netty.recycler.blocking: false
[DEBUG] 2024-10-04 16:13:11.039 [AsyncHttpClient-1-2] Recycler - -Dio.netty.recycler.batchFastThreadLocalOnly: true
[DEBUG] 2024-10-04 16:13:11.938 [AsyncHttpClient-1-2] Brotli - brotli4j not in the classpath; Brotli support will be unavailable.
[DEBUG] 2024-10-04 16:13:11.941 [AsyncHttpClient-1-2] HttpHandler - 

Request DefaultHttpRequest(decodeResult: success, version: HTTP/1.1)
POST /session HTTP/1.1
User-Agent: selenium/4.11.0 (java windows)
Content-Length: 336
Content-Type: application/json; charset=utf-8
host: localhost:45660
accept: */*

Response DefaultHttpResponse(decodeResult: success, version: HTTP/1.1)
HTTP/1.1 200 OK
Content-Length: 881
Content-Type: application/json; charset=utf-8
cache-control: no-cache

[DEBUG] 2024-10-04 16:13:11.946 [AsyncHttpClient-1-2] ChannelManager - Adding key: http://localhost:45660 for channel [id: 0xdcf3f017, L:/127.0.0.1:50672 - R:localhost/127.0.0.1:45660]
[DEBUG] 2024-10-04 16:13:12.006 [AsyncHttpClient-1-3] NettyConnectListener - Using new Channel '[id: 0x972fa2b0, L:/127.0.0.1:50678 - R:localhost/127.0.0.1:50673]' for 'GET' to '/json/version'
[DEBUG] 2024-10-04 16:13:12.013 [AsyncHttpClient-1-3] HttpHandler - 

Request DefaultFullHttpRequest(decodeResult: success, version: HTTP/1.1, content: EmptyByteBufBE)
GET /json/version HTTP/1.1
User-Agent: selenium/4.11.0 (java windows)
host: localhost:50673
accept: */*

Response DefaultHttpResponse(decodeResult: success, version: HTTP/1.1)
HTTP/1.1 200 OK
Content-Security-Policy: frame-ancestors 'none'
Content-Length: 423
Content-Type: application/json; charset=UTF-8

[DEBUG] 2024-10-04 16:13:12.013 [AsyncHttpClient-1-3] ChannelManager - Adding key: http://localhost:50673 for channel [id: 0x972fa2b0, L:/127.0.0.1:50678 - R:localhost/127.0.0.1:50673]
[DEBUG] 2024-10-04 16:13:12.020 [main] ThreadLocalRandom - -Dio.netty.initialSeedUniquifier: 0xab0764991a490c9c
[DEBUG] 2024-10-04 16:13:12.022 [AsyncHttpClient-1-4] NettyConnectListener - Using new Channel '[id: 0x56061f0e, L:/127.0.0.1:50679 - R:localhost/127.0.0.1:50673]' for 'GET' to '/devtools/browser/a3f4fe28-1ace-42f9-9813-9f9ebf8c1467'
[DEBUG] 2024-10-04 16:13:12.027 [AsyncHttpClient-1-4] WebSocketHandler - 

Request DefaultFullHttpRequest(decodeResult: success, version: HTTP/1.1, content: EmptyByteBufBE)
GET /devtools/browser/a3f4fe28-1ace-42f9-9813-9f9ebf8c1467 HTTP/1.1
upgrade: websocket
connection: upgrade
sec-websocket-key: fejyUV8o9FGYlhxzWeFIWw==
sec-websocket-version: 13
origin: http://localhost:50673
host: localhost:50673
accept: */*
user-agent: AHC/2.1

Response DefaultHttpResponse(decodeResult: success, version: HTTP/1.1)
HTTP/1.1 101 WebSocket Protocol Handshake
Upgrade: WebSocket
Connection: Upgrade
Sec-WebSocket-Accept: OhfYm1Od8AX7HvVPoFtnTbEzm7o=

[DEBUG] 2024-10-04 16:13:12.068 [Forwarding get on session fbdc39f888d4e82dab37e5a0b2bf0a60 to remote] NettyRequestSender - Using pooled Channel '[id: 0xdcf3f017, L:/127.0.0.1:50672 - R:localhost/127.0.0.1:45660]' for 'POST' to 'http://localhost:45660/session/fbdc39f888d4e82dab37e5a0b2bf0a60/url'
[DEBUG] 2024-10-04 16:13:12.069 [Forwarding get on session fbdc39f888d4e82dab37e5a0b2bf0a60 to remote] NettyRequestSender - Using open Channel [id: 0xdcf3f017, L:/127.0.0.1:50672 - R:localhost/127.0.0.1:45660] for POST '/session/fbdc39f888d4e82dab37e5a0b2bf0a60/url'
[DEBUG] 2024-10-04 16:13:12.725 [AsyncHttpClient-1-1] DefaultChannelPool - Entry count for : http://localhost:50673 : 1
[DEBUG] 2024-10-04 16:13:13.828 [AsyncHttpClient-1-1] DefaultChannelPool - Entry count for : http://localhost:50673 : 1
[DEBUG] 2024-10-04 16:13:14.926 [AsyncHttpClient-1-1] DefaultChannelPool - Entry count for : http://localhost:50673 : 1
[DEBUG] 2024-10-04 16:13:16.026 [AsyncHttpClient-1-1] DefaultChannelPool - Entry count for : http://localhost:50673 : 1
[DEBUG] 2024-10-04 16:13:16.552 [AsyncHttpClient-1-2] HttpHandler - 

Request DefaultHttpRequest(decodeResult: success, version: HTTP/1.1)
POST /session/fbdc39f888d4e82dab37e5a0b2bf0a60/url HTTP/1.1
User-Agent: selenium/4.11.0 (java windows)
Content-Length: 47
Content-Type: application/json; charset=utf-8
host: localhost:45660
accept: */*

Response DefaultHttpResponse(decodeResult: success, version: HTTP/1.1)
HTTP/1.1 200 OK
Content-Length: 14
Content-Type: application/json; charset=utf-8
cache-control: no-cache

[DEBUG] 2024-10-04 16:13:16.552 [AsyncHttpClient-1-2] ChannelManager - Adding key: http://localhost:45660 for channel [id: 0xdcf3f017, L:/127.0.0.1:50672 - R:localhost/127.0.0.1:45660]
[DEBUG] 2024-10-04 16:13:16.558 [Forwarding findElement on session fbdc39f888d4e82dab37e5a0b2bf0a60 to remote] NettyRequestSender - Using pooled Channel '[id: 0xdcf3f017, L:/127.0.0.1:50672 - R:localhost/127.0.0.1:45660]' for 'POST' to 'http://localhost:45660/session/fbdc39f888d4e82dab37e5a0b2bf0a60/element'
[DEBUG] 2024-10-04 16:13:16.558 [Forwarding findElement on session fbdc39f888d4e82dab37e5a0b2bf0a60 to remote] NettyRequestSender - Using open Channel [id: 0xdcf3f017, L:/127.0.0.1:50672 - R:localhost/127.0.0.1:45660] for POST '/session/fbdc39f888d4e82dab37e5a0b2bf0a60/element'
[DEBUG] 2024-10-04 16:13:16.574 [AsyncHttpClient-1-2] HttpHandler - 

Request DefaultHttpRequest(decodeResult: success, version: HTTP/1.1)
POST /session/fbdc39f888d4e82dab37e5a0b2bf0a60/element HTTP/1.1
User-Agent: selenium/4.11.0 (java windows)
Content-Length: 61
Content-Type: application/json; charset=utf-8
host: localhost:45660
accept: */*

Response DefaultHttpResponse(decodeResult: success, version: HTTP/1.1)
HTTP/1.1 200 OK
Content-Length: 125
Content-Type: application/json; charset=utf-8
cache-control: no-cache

[DEBUG] 2024-10-04 16:13:16.574 [AsyncHttpClient-1-2] ChannelManager - Adding key: http://localhost:45660 for channel [id: 0xdcf3f017, L:/127.0.0.1:50672 - R:localhost/127.0.0.1:45660]
[DEBUG] 2024-10-04 16:13:16.578 [Forwarding sendKeysToElement on session fbdc39f888d4e82dab37e5a0b2bf0a60 to remote] NettyRequestSender - Using pooled Channel '[id: 0xdcf3f017, L:/127.0.0.1:50672 - R:localhost/127.0.0.1:45660]' for 'POST' to 'http://localhost:45660/session/fbdc39f888d4e82dab37e5a0b2bf0a60/element/f.B0F63F6D72C4C148130BBF7BE543CF43.d.B182565675CCF04A8B79FFD0766DF9BA.e.1/value'
[DEBUG] 2024-10-04 16:13:16.578 [Forwarding sendKeysToElement on session fbdc39f888d4e82dab37e5a0b2bf0a60 to remote] NettyRequestSender - Using open Channel [id: 0xdcf3f017, L:/127.0.0.1:50672 - R:localhost/127.0.0.1:45660] for POST '/session/fbdc39f888d4e82dab37e5a0b2bf0a60/element/f.B0F63F6D72C4C148130BBF7BE543CF43.d.B182565675CCF04A8B79FFD0766DF9BA.e.1/value'
[DEBUG] 2024-10-04 16:13:16.629 [AsyncHttpClient-1-2] HttpHandler - 

Request DefaultHttpRequest(decodeResult: success, version: HTTP/1.1)
POST /session/fbdc39f888d4e82dab37e5a0b2bf0a60/element/f.B0F63F6D72C4C148130BBF7BE543CF43.d.B182565675CCF04A8B79FFD0766DF9BA.e.1/value HTTP/1.1
User-Agent: selenium/4.11.0 (java windows)
Content-Length: 188
Content-Type: application/json; charset=utf-8
host: localhost:45660
accept: */*

Response DefaultHttpResponse(decodeResult: success, version: HTTP/1.1)
HTTP/1.1 200 OK
Content-Length: 14
Content-Type: application/json; charset=utf-8
cache-control: no-cache

[DEBUG] 2024-10-04 16:13:16.629 [AsyncHttpClient-1-2] ChannelManager - Adding key: http://localhost:45660 for channel [id: 0xdcf3f017, L:/127.0.0.1:50672 - R:localhost/127.0.0.1:45660]
[DEBUG] 2024-10-04 16:13:16.631 [Forwarding findElement on session fbdc39f888d4e82dab37e5a0b2bf0a60 to remote] NettyRequestSender - Using pooled Channel '[id: 0xdcf3f017, L:/127.0.0.1:50672 - R:localhost/127.0.0.1:45660]' for 'POST' to 'http://localhost:45660/session/fbdc39f888d4e82dab37e5a0b2bf0a60/element'
[DEBUG] 2024-10-04 16:13:16.631 [Forwarding findElement on session fbdc39f888d4e82dab37e5a0b2bf0a60 to remote] NettyRequestSender - Using open Channel [id: 0xdcf3f017, L:/127.0.0.1:50672 - R:localhost/127.0.0.1:45660] for POST '/session/fbdc39f888d4e82dab37e5a0b2bf0a60/element'
[DEBUG] 2024-10-04 16:13:16.643 [AsyncHttpClient-1-2] HttpHandler - 

Request DefaultHttpRequest(decodeResult: success, version: HTTP/1.1)
POST /session/fbdc39f888d4e82dab37e5a0b2bf0a60/element HTTP/1.1
User-Agent: selenium/4.11.0 (java windows)
Content-Length: 58
Content-Type: application/json; charset=utf-8
host: localhost:45660
accept: */*

Response DefaultHttpResponse(decodeResult: success, version: HTTP/1.1)
HTTP/1.1 200 OK
Content-Length: 126
Content-Type: application/json; charset=utf-8
cache-control: no-cache

[DEBUG] 2024-10-04 16:13:16.643 [AsyncHttpClient-1-2] ChannelManager - Adding key: http://localhost:45660 for channel [id: 0xdcf3f017, L:/127.0.0.1:50672 - R:localhost/127.0.0.1:45660]
[DEBUG] 2024-10-04 16:13:16.646 [Forwarding sendKeysToElement on session fbdc39f888d4e82dab37e5a0b2bf0a60 to remote] NettyRequestSender - Using pooled Channel '[id: 0xdcf3f017, L:/127.0.0.1:50672 - R:localhost/127.0.0.1:45660]' for 'POST' to 'http://localhost:45660/session/fbdc39f888d4e82dab37e5a0b2bf0a60/element/f.B0F63F6D72C4C148130BBF7BE543CF43.d.B182565675CCF04A8B79FFD0766DF9BA.e.28/value'
[DEBUG] 2024-10-04 16:13:16.646 [Forwarding sendKeysToElement on session fbdc39f888d4e82dab37e5a0b2bf0a60 to remote] NettyRequestSender - Using open Channel [id: 0xdcf3f017, L:/127.0.0.1:50672 - R:localhost/127.0.0.1:45660] for POST '/session/fbdc39f888d4e82dab37e5a0b2bf0a60/element/f.B0F63F6D72C4C148130BBF7BE543CF43.d.B182565675CCF04A8B79FFD0766DF9BA.e.28/value'
[DEBUG] 2024-10-04 16:13:16.686 [AsyncHttpClient-1-2] HttpHandler - 

Request DefaultHttpRequest(decodeResult: success, version: HTTP/1.1)
POST /session/fbdc39f888d4e82dab37e5a0b2bf0a60/element/f.B0F63F6D72C4C148130BBF7BE543CF43.d.B182565675CCF04A8B79FFD0766DF9BA.e.28/value HTTP/1.1
User-Agent: selenium/4.11.0 (java windows)
Content-Length: 133
Content-Type: application/json; charset=utf-8
host: localhost:45660
accept: */*

Response DefaultHttpResponse(decodeResult: success, version: HTTP/1.1)
HTTP/1.1 400 Bad Request
Content-Length: 1019
Content-Type: application/json; charset=utf-8
cache-control: no-cache

[DEBUG] 2024-10-04 16:13:16.686 [AsyncHttpClient-1-2] ChannelManager - Adding key: http://localhost:45660 for channel [id: 0xdcf3f017, L:/127.0.0.1:50672 - R:localhost/127.0.0.1:45660]
[DEBUG] 2024-10-04 16:14:24.169 [main] InternalLoggerFactory - Using SLF4J as the default logging framework
[DEBUG] 2024-10-04 16:14:24.174 [main] ResourceLeakDetector - -Dio.netty.leakDetection.level: simple
[DEBUG] 2024-10-04 16:14:24.175 [main] ResourceLeakDetector - -Dio.netty.leakDetection.targetRecords: 4
[DEBUG] 2024-10-04 16:14:24.178 [main] ResourceLeakDetectorFactory - Loaded default ResourceLeakDetector: io.netty.util.ResourceLeakDetector@5a62b2a4
[DEBUG] 2024-10-04 16:14:24.193 [main] PlatformDependent0 - -Dio.netty.noUnsafe: false
[DEBUG] 2024-10-04 16:14:24.194 [main] PlatformDependent0 - Java version: 17
[DEBUG] 2024-10-04 16:14:24.194 [main] PlatformDependent0 - sun.misc.Unsafe.theUnsafe: available
[DEBUG] 2024-10-04 16:14:24.195 [main] PlatformDependent0 - sun.misc.Unsafe.copyMemory: available
[DEBUG] 2024-10-04 16:14:24.195 [main] PlatformDependent0 - sun.misc.Unsafe.storeFence: available
[DEBUG] 2024-10-04 16:14:24.195 [main] PlatformDependent0 - java.nio.Buffer.address: available
[DEBUG] 2024-10-04 16:14:24.196 [main] PlatformDependent0 - direct buffer constructor: unavailable: Reflective setAccessible(true) disabled
[DEBUG] 2024-10-04 16:14:24.196 [main] PlatformDependent0 - java.nio.Bits.unaligned: available, true
[DEBUG] 2024-10-04 16:14:24.197 [main] PlatformDependent0 - jdk.internal.misc.Unsafe.allocateUninitializedArray(int): unavailable: class io.netty.util.internal.PlatformDependent0$7 cannot access class jdk.internal.misc.Unsafe (in module java.base) because module java.base does not export jdk.internal.misc to unnamed module @23202fce
[DEBUG] 2024-10-04 16:14:24.198 [main] PlatformDependent0 - java.nio.DirectByteBuffer.<init>(long, int): unavailable
[DEBUG] 2024-10-04 16:14:24.198 [main] PlatformDependent - sun.misc.Unsafe: available
[DEBUG] 2024-10-04 16:14:24.198 [main] PlatformDependent - maxDirectMemory: 4217372672 bytes (maybe)
[DEBUG] 2024-10-04 16:14:24.198 [main] PlatformDependent - -Dio.netty.tmpdir: C:\Users\broy\AppData\Local\Temp (java.io.tmpdir)
[DEBUG] 2024-10-04 16:14:24.199 [main] PlatformDependent - -Dio.netty.bitMode: 64 (sun.arch.data.model)
[DEBUG] 2024-10-04 16:14:24.199 [main] PlatformDependent - Platform: Windows
[DEBUG] 2024-10-04 16:14:24.200 [main] PlatformDependent - -Dio.netty.maxDirectMemory: -1 bytes
[DEBUG] 2024-10-04 16:14:24.200 [main] PlatformDependent - -Dio.netty.uninitializedArrayAllocationThreshold: -1
[DEBUG] 2024-10-04 16:14:24.201 [main] CleanerJava9 - java.nio.ByteBuffer.cleaner(): available
[DEBUG] 2024-10-04 16:14:24.201 [main] PlatformDependent - -Dio.netty.noPreferDirect: false
[DEBUG] 2024-10-04 16:14:24.206 [main] PlatformDependent - org.jctools-core.MpscChunkedArrayQueue: available
[DEBUG] 2024-10-04 16:14:24.219 [main] InternalThreadLocalMap - -Dio.netty.threadLocalMap.stringBuilder.initialSize: 1024
[DEBUG] 2024-10-04 16:14:24.219 [main] InternalThreadLocalMap - -Dio.netty.threadLocalMap.stringBuilder.maxSize: 4096
[DEBUG] 2024-10-04 16:14:24.361 [main] JdkSslContext - Default protocols (JDK): [TLSv1.3, TLSv1.2] 
[DEBUG] 2024-10-04 16:14:24.361 [main] JdkSslContext - Default cipher suites (JDK): [TLS_ECDHE_ECDSA_WITH_AES_256_GCM_SHA384, TLS_ECDHE_ECDSA_WITH_AES_128_GCM_SHA256, TLS_ECDHE_RSA_WITH_AES_128_GCM_SHA256, TLS_ECDHE_RSA_WITH_AES_256_GCM_SHA384, TLS_ECDHE_RSA_WITH_AES_128_CBC_SHA, TLS_ECDHE_RSA_WITH_AES_256_CBC_SHA, TLS_RSA_WITH_AES_128_GCM_SHA256, TLS_RSA_WITH_AES_128_CBC_SHA, TLS_RSA_WITH_AES_256_CBC_SHA, TLS_AES_128_GCM_SHA256, TLS_AES_256_GCM_SHA384]
[DEBUG] 2024-10-04 16:14:24.369 [main] GlobalEventExecutor - -Dio.netty.globalEventExecutor.quietPeriodSeconds: 1
[DEBUG] 2024-10-04 16:14:24.377 [main] MultithreadEventLoopGroup - -Dio.netty.eventLoopThreads: 16
[DEBUG] 2024-10-04 16:14:24.384 [main] NioEventLoop - -Dio.netty.noKeySetOptimization: false
[DEBUG] 2024-10-04 16:14:24.384 [main] NioEventLoop - -Dio.netty.selectorAutoRebuildThreshold: 512
[DEBUG] 2024-10-04 16:14:24.452 [main] PooledByteBufAllocator - -Dio.netty.allocator.numHeapArenas: 16
[DEBUG] 2024-10-04 16:14:24.452 [main] PooledByteBufAllocator - -Dio.netty.allocator.numDirectArenas: 16
[DEBUG] 2024-10-04 16:14:24.452 [main] PooledByteBufAllocator - -Dio.netty.allocator.pageSize: 8192
[DEBUG] 2024-10-04 16:14:24.452 [main] PooledByteBufAllocator - -Dio.netty.allocator.maxOrder: 9
[DEBUG] 2024-10-04 16:14:24.452 [main] PooledByteBufAllocator - -Dio.netty.allocator.chunkSize: 4194304
[DEBUG] 2024-10-04 16:14:24.452 [main] PooledByteBufAllocator - -Dio.netty.allocator.smallCacheSize: 256
[DEBUG] 2024-10-04 16:14:24.452 [main] PooledByteBufAllocator - -Dio.netty.allocator.normalCacheSize: 64
[DEBUG] 2024-10-04 16:14:24.452 [main] PooledByteBufAllocator - -Dio.netty.allocator.maxCachedBufferCapacity: 32768
[DEBUG] 2024-10-04 16:14:24.452 [main] PooledByteBufAllocator - -Dio.netty.allocator.cacheTrimInterval: 8192
[DEBUG] 2024-10-04 16:14:24.453 [main] PooledByteBufAllocator - -Dio.netty.allocator.cacheTrimIntervalMillis: 0
[DEBUG] 2024-10-04 16:14:24.453 [main] PooledByteBufAllocator - -Dio.netty.allocator.useCacheForAllThreads: false
[DEBUG] 2024-10-04 16:14:24.453 [main] PooledByteBufAllocator - -Dio.netty.allocator.maxCachedByteBuffersPerChunk: 1023
[DEBUG] 2024-10-04 16:14:24.460 [main] ByteBufUtil - -Dio.netty.allocator.type: pooled
[DEBUG] 2024-10-04 16:14:24.461 [main] ByteBufUtil - -Dio.netty.threadLocalDirectBufferSize: 0
[DEBUG] 2024-10-04 16:14:24.461 [main] ByteBufUtil - -Dio.netty.maxThreadLocalCharBufferSize: 16384
[DEBUG] 2024-10-04 16:14:24.719 [Forwarding newSession on session null to remote] DefaultChannelId - -Dio.netty.processId: 13844 (auto-detected)
[DEBUG] 2024-10-04 16:14:24.721 [Forwarding newSession on session null to remote] NetUtil - -Djava.net.preferIPv4Stack: false
[DEBUG] 2024-10-04 16:14:24.721 [Forwarding newSession on session null to remote] NetUtil - -Djava.net.preferIPv6Addresses: false
[DEBUG] 2024-10-04 16:14:24.739 [Forwarding newSession on session null to remote] NetUtilInitializations - Loopback interface: lo (Software Loopback Interface 1, 127.0.0.1)
[DEBUG] 2024-10-04 16:14:24.740 [Forwarding newSession on session null to remote] NetUtil - Failed to get SOMAXCONN from sysctl and file \proc\sys\net\core\somaxconn. Default: 200
[DEBUG] 2024-10-04 16:14:24.793 [Forwarding newSession on session null to remote] DefaultChannelId - -Dio.netty.machineId: 50:84:92:ff:fe:3f:8e:69 (auto-detected)
[DEBUG] 2024-10-04 16:14:24.820 [AsyncHttpClient-1-2] AbstractByteBuf - -Dio.netty.buffer.checkAccessible: true
[DEBUG] 2024-10-04 16:14:24.821 [AsyncHttpClient-1-2] AbstractByteBuf - -Dio.netty.buffer.checkBounds: true
[DEBUG] 2024-10-04 16:14:24.821 [AsyncHttpClient-1-2] ResourceLeakDetectorFactory - Loaded default ResourceLeakDetector: io.netty.util.ResourceLeakDetector@ccf724e
[DEBUG] 2024-10-04 16:14:24.837 [AsyncHttpClient-1-2] NettyConnectListener - Using new Channel '[id: 0x0779f31f, L:/127.0.0.1:50742 - R:localhost/127.0.0.1:15831]' for 'POST' to '/session'
[DEBUG] 2024-10-04 16:14:24.845 [AsyncHttpClient-1-2] Recycler - -Dio.netty.recycler.maxCapacityPerThread: 4096
[DEBUG] 2024-10-04 16:14:24.845 [AsyncHttpClient-1-2] Recycler - -Dio.netty.recycler.ratio: 8
[DEBUG] 2024-10-04 16:14:24.845 [AsyncHttpClient-1-2] Recycler - -Dio.netty.recycler.chunkSize: 32
[DEBUG] 2024-10-04 16:14:24.846 [AsyncHttpClient-1-2] Recycler - -Dio.netty.recycler.blocking: false
[DEBUG] 2024-10-04 16:14:24.846 [AsyncHttpClient-1-2] Recycler - -Dio.netty.recycler.batchFastThreadLocalOnly: true
[DEBUG] 2024-10-04 16:14:25.767 [AsyncHttpClient-1-2] Brotli - brotli4j not in the classpath; Brotli support will be unavailable.
[DEBUG] 2024-10-04 16:14:25.768 [AsyncHttpClient-1-2] HttpHandler - 

Request DefaultHttpRequest(decodeResult: success, version: HTTP/1.1)
POST /session HTTP/1.1
User-Agent: selenium/4.11.0 (java windows)
Content-Length: 336
Content-Type: application/json; charset=utf-8
host: localhost:15831
accept: */*

Response DefaultHttpResponse(decodeResult: success, version: HTTP/1.1)
HTTP/1.1 200 OK
Content-Length: 880
Content-Type: application/json; charset=utf-8
cache-control: no-cache

[DEBUG] 2024-10-04 16:14:25.772 [AsyncHttpClient-1-2] ChannelManager - Adding key: http://localhost:15831 for channel [id: 0x0779f31f, L:/127.0.0.1:50742 - R:localhost/127.0.0.1:15831]
[DEBUG] 2024-10-04 16:14:25.836 [AsyncHttpClient-1-3] NettyConnectListener - Using new Channel '[id: 0xd189d7eb, L:/127.0.0.1:50748 - R:localhost/127.0.0.1:50743]' for 'GET' to '/json/version'
[DEBUG] 2024-10-04 16:14:25.842 [AsyncHttpClient-1-3] HttpHandler - 

Request DefaultFullHttpRequest(decodeResult: success, version: HTTP/1.1, content: EmptyByteBufBE)
GET /json/version HTTP/1.1
User-Agent: selenium/4.11.0 (java windows)
host: localhost:50743
accept: */*

Response DefaultHttpResponse(decodeResult: success, version: HTTP/1.1)
HTTP/1.1 200 OK
Content-Security-Policy: frame-ancestors 'none'
Content-Length: 423
Content-Type: application/json; charset=UTF-8

[DEBUG] 2024-10-04 16:14:25.842 [AsyncHttpClient-1-3] ChannelManager - Adding key: http://localhost:50743 for channel [id: 0xd189d7eb, L:/127.0.0.1:50748 - R:localhost/127.0.0.1:50743]
[DEBUG] 2024-10-04 16:14:25.847 [main] ThreadLocalRandom - -Dio.netty.initialSeedUniquifier: 0xbb8325c9ea251f37
[DEBUG] 2024-10-04 16:14:25.850 [AsyncHttpClient-1-4] NettyConnectListener - Using new Channel '[id: 0x0888ca1c, L:/127.0.0.1:50749 - R:localhost/127.0.0.1:50743]' for 'GET' to '/devtools/browser/ba12cdf4-69be-44be-b398-2d21629133c4'
[DEBUG] 2024-10-04 16:14:25.854 [AsyncHttpClient-1-4] WebSocketHandler - 

Request DefaultFullHttpRequest(decodeResult: success, version: HTTP/1.1, content: EmptyByteBufBE)
GET /devtools/browser/ba12cdf4-69be-44be-b398-2d21629133c4 HTTP/1.1
upgrade: websocket
connection: upgrade
sec-websocket-key: wG4uXiptY8La6eHdaFSzUQ==
sec-websocket-version: 13
origin: http://localhost:50743
host: localhost:50743
accept: */*
user-agent: AHC/2.1

Response DefaultHttpResponse(decodeResult: success, version: HTTP/1.1)
HTTP/1.1 101 WebSocket Protocol Handshake
Upgrade: WebSocket
Connection: Upgrade
Sec-WebSocket-Accept: rPo+YPJDxYDmeZ+OhFUAEH5O8vM=

[DEBUG] 2024-10-04 16:14:25.894 [Forwarding get on session 13bfe56e3998791fb6108a57eb90551f to remote] NettyRequestSender - Using pooled Channel '[id: 0x0779f31f, L:/127.0.0.1:50742 - R:localhost/127.0.0.1:15831]' for 'POST' to 'http://localhost:15831/session/13bfe56e3998791fb6108a57eb90551f/url'
[DEBUG] 2024-10-04 16:14:25.894 [Forwarding get on session 13bfe56e3998791fb6108a57eb90551f to remote] NettyRequestSender - Using open Channel [id: 0x0779f31f, L:/127.0.0.1:50742 - R:localhost/127.0.0.1:15831] for POST '/session/13bfe56e3998791fb6108a57eb90551f/url'
[DEBUG] 2024-10-04 16:14:26.510 [AsyncHttpClient-1-1] DefaultChannelPool - Entry count for : http://localhost:50743 : 1
[DEBUG] 2024-10-04 16:14:27.611 [AsyncHttpClient-1-1] DefaultChannelPool - Entry count for : http://localhost:50743 : 1
[DEBUG] 2024-10-04 16:14:28.710 [AsyncHttpClient-1-1] DefaultChannelPool - Entry count for : http://localhost:50743 : 1
[DEBUG] 2024-10-04 16:14:29.811 [AsyncHttpClient-1-1] DefaultChannelPool - Entry count for : http://localhost:50743 : 1
[DEBUG] 2024-10-04 16:14:30.715 [AsyncHttpClient-1-2] HttpHandler - 

Request DefaultHttpRequest(decodeResult: success, version: HTTP/1.1)
POST /session/13bfe56e3998791fb6108a57eb90551f/url HTTP/1.1
User-Agent: selenium/4.11.0 (java windows)
Content-Length: 47
Content-Type: application/json; charset=utf-8
host: localhost:15831
accept: */*

Response DefaultHttpResponse(decodeResult: success, version: HTTP/1.1)
HTTP/1.1 200 OK
Content-Length: 14
Content-Type: application/json; charset=utf-8
cache-control: no-cache

[DEBUG] 2024-10-04 16:14:30.716 [AsyncHttpClient-1-2] ChannelManager - Adding key: http://localhost:15831 for channel [id: 0x0779f31f, L:/127.0.0.1:50742 - R:localhost/127.0.0.1:15831]
[DEBUG] 2024-10-04 16:14:30.722 [Forwarding findElement on session 13bfe56e3998791fb6108a57eb90551f to remote] NettyRequestSender - Using pooled Channel '[id: 0x0779f31f, L:/127.0.0.1:50742 - R:localhost/127.0.0.1:15831]' for 'POST' to 'http://localhost:15831/session/13bfe56e3998791fb6108a57eb90551f/element'
[DEBUG] 2024-10-04 16:14:30.722 [Forwarding findElement on session 13bfe56e3998791fb6108a57eb90551f to remote] NettyRequestSender - Using open Channel [id: 0x0779f31f, L:/127.0.0.1:50742 - R:localhost/127.0.0.1:15831] for POST '/session/13bfe56e3998791fb6108a57eb90551f/element'
[DEBUG] 2024-10-04 16:14:30.737 [AsyncHttpClient-1-2] HttpHandler - 

Request DefaultHttpRequest(decodeResult: success, version: HTTP/1.1)
POST /session/13bfe56e3998791fb6108a57eb90551f/element HTTP/1.1
User-Agent: selenium/4.11.0 (java windows)
Content-Length: 61
Content-Type: application/json; charset=utf-8
host: localhost:15831
accept: */*

Response DefaultHttpResponse(decodeResult: success, version: HTTP/1.1)
HTTP/1.1 200 OK
Content-Length: 125
Content-Type: application/json; charset=utf-8
cache-control: no-cache

[DEBUG] 2024-10-04 16:14:30.737 [AsyncHttpClient-1-2] ChannelManager - Adding key: http://localhost:15831 for channel [id: 0x0779f31f, L:/127.0.0.1:50742 - R:localhost/127.0.0.1:15831]
[DEBUG] 2024-10-04 16:14:30.742 [Forwarding sendKeysToElement on session 13bfe56e3998791fb6108a57eb90551f to remote] NettyRequestSender - Using pooled Channel '[id: 0x0779f31f, L:/127.0.0.1:50742 - R:localhost/127.0.0.1:15831]' for 'POST' to 'http://localhost:15831/session/13bfe56e3998791fb6108a57eb90551f/element/f.0D8C90F85F61875953BBF964C5678895.d.F306368CBFCB1C20A2A2948EA9F214B3.e.1/value'
[DEBUG] 2024-10-04 16:14:30.742 [Forwarding sendKeysToElement on session 13bfe56e3998791fb6108a57eb90551f to remote] NettyRequestSender - Using open Channel [id: 0x0779f31f, L:/127.0.0.1:50742 - R:localhost/127.0.0.1:15831] for POST '/session/13bfe56e3998791fb6108a57eb90551f/element/f.0D8C90F85F61875953BBF964C5678895.d.F306368CBFCB1C20A2A2948EA9F214B3.e.1/value'
[DEBUG] 2024-10-04 16:14:30.796 [AsyncHttpClient-1-2] HttpHandler - 

Request DefaultHttpRequest(decodeResult: success, version: HTTP/1.1)
POST /session/13bfe56e3998791fb6108a57eb90551f/element/f.0D8C90F85F61875953BBF964C5678895.d.F306368CBFCB1C20A2A2948EA9F214B3.e.1/value HTTP/1.1
User-Agent: selenium/4.11.0 (java windows)
Content-Length: 188
Content-Type: application/json; charset=utf-8
host: localhost:15831
accept: */*

Response DefaultHttpResponse(decodeResult: success, version: HTTP/1.1)
HTTP/1.1 200 OK
Content-Length: 14
Content-Type: application/json; charset=utf-8
cache-control: no-cache

[DEBUG] 2024-10-04 16:14:30.797 [AsyncHttpClient-1-2] ChannelManager - Adding key: http://localhost:15831 for channel [id: 0x0779f31f, L:/127.0.0.1:50742 - R:localhost/127.0.0.1:15831]
[DEBUG] 2024-10-04 16:14:30.799 [Forwarding findElement on session 13bfe56e3998791fb6108a57eb90551f to remote] NettyRequestSender - Using pooled Channel '[id: 0x0779f31f, L:/127.0.0.1:50742 - R:localhost/127.0.0.1:15831]' for 'POST' to 'http://localhost:15831/session/13bfe56e3998791fb6108a57eb90551f/element'
[DEBUG] 2024-10-04 16:14:30.799 [Forwarding findElement on session 13bfe56e3998791fb6108a57eb90551f to remote] NettyRequestSender - Using open Channel [id: 0x0779f31f, L:/127.0.0.1:50742 - R:localhost/127.0.0.1:15831] for POST '/session/13bfe56e3998791fb6108a57eb90551f/element'
[DEBUG] 2024-10-04 16:14:30.812 [AsyncHttpClient-1-2] HttpHandler - 

Request DefaultHttpRequest(decodeResult: success, version: HTTP/1.1)
POST /session/13bfe56e3998791fb6108a57eb90551f/element HTTP/1.1
User-Agent: selenium/4.11.0 (java windows)
Content-Length: 58
Content-Type: application/json; charset=utf-8
host: localhost:15831
accept: */*

Response DefaultHttpResponse(decodeResult: success, version: HTTP/1.1)
HTTP/1.1 200 OK
Content-Length: 126
Content-Type: application/json; charset=utf-8
cache-control: no-cache

[DEBUG] 2024-10-04 16:14:30.812 [AsyncHttpClient-1-2] ChannelManager - Adding key: http://localhost:15831 for channel [id: 0x0779f31f, L:/127.0.0.1:50742 - R:localhost/127.0.0.1:15831]
[DEBUG] 2024-10-04 16:14:30.813 [Forwarding clickElement on session 13bfe56e3998791fb6108a57eb90551f to remote] NettyRequestSender - Using pooled Channel '[id: 0x0779f31f, L:/127.0.0.1:50742 - R:localhost/127.0.0.1:15831]' for 'POST' to 'http://localhost:15831/session/13bfe56e3998791fb6108a57eb90551f/element/f.0D8C90F85F61875953BBF964C5678895.d.F306368CBFCB1C20A2A2948EA9F214B3.e.28/click'
[DEBUG] 2024-10-04 16:14:30.813 [Forwarding clickElement on session 13bfe56e3998791fb6108a57eb90551f to remote] NettyRequestSender - Using open Channel [id: 0x0779f31f, L:/127.0.0.1:50742 - R:localhost/127.0.0.1:15831] for POST '/session/13bfe56e3998791fb6108a57eb90551f/element/f.0D8C90F85F61875953BBF964C5678895.d.F306368CBFCB1C20A2A2948EA9F214B3.e.28/click'
[DEBUG] 2024-10-04 16:14:30.840 [AsyncHttpClient-1-2] HttpHandler - 

Request DefaultHttpRequest(decodeResult: success, version: HTTP/1.1)
POST /session/13bfe56e3998791fb6108a57eb90551f/element/f.0D8C90F85F61875953BBF964C5678895.d.F306368CBFCB1C20A2A2948EA9F214B3.e.28/click HTTP/1.1
User-Agent: selenium/4.11.0 (java windows)
Content-Length: 88
Content-Type: application/json; charset=utf-8
host: localhost:15831
accept: */*

Response DefaultHttpResponse(decodeResult: success, version: HTTP/1.1)
HTTP/1.1 400 Bad Request
Content-Length: 1019
Content-Type: application/json; charset=utf-8
cache-control: no-cache

[DEBUG] 2024-10-04 16:14:30.840 [AsyncHttpClient-1-2] ChannelManager - Adding key: http://localhost:15831 for channel [id: 0x0779f31f, L:/127.0.0.1:50742 - R:localhost/127.0.0.1:15831]
